2024.09.02 19:08:36 INFO  Started: Metals version 1.3.5 in folders '/home/santiago/IdeaProjects/dis2/2024-2-ti1-subnetting' for client Visual Studio Code 1.92.2.
SLF4J(W): Class path contains multiple SLF4J providers.
SLF4J(W): Found provider [scribe.slf4j.ScribeServiceProvider@143f0cd5]
SLF4J(W): Found provider [ch.qos.logback.classic.spi.LogbackServiceProvider@6230926a]
SLF4J(W): See https://www.slf4j.org/codes.html#multiple_bindings for an explanation.
SLF4J(I): Actual provider is of type [scribe.slf4j.ScribeServiceProvider@143f0cd5]
2024.09.02 19:08:36 WARN  Flyway upgrade recommended: H2 2.3.230 is newer than this version of Flyway and support has not been tested. The latest supported version of H2 is 2.2.220.
2024.09.02 19:08:37 INFO  no build target found for /home/santiago/IdeaProjects/dis2/2024-2-ti1-subnetting/tareaintegradora1/src/test/scala/MySuite.scala. Using presentation compiler with project's scala-library version: 3.3.3
2024.09.02 19:09:00 INFO  no build target found for /home/santiago/IdeaProjects/dis2/2024-2-ti1-subnetting/tareaintegradora1/src/test/scala/countingsort.scala. Using presentation compiler with project's scala-library version: 3.3.3
2024.09.02 19:09:00 WARN  no build target for: /home/santiago/IdeaProjects/dis2/2024-2-ti1-subnetting/tareaintegradora1/src/test/scala/countingsort.scala
2024.09.02 19:09:00 INFO  no build target found for /home/santiago/IdeaProjects/dis2/2024-2-ti1-subnetting/tareaintegradora1/src/test/scala/countingsort.scala. Using presentation compiler with project's scala-library version: 3.3.3
2024.09.02 19:09:00 INFO  no build target found for /home/santiago/IdeaProjects/dis2/2024-2-ti1-subnetting/tareaintegradora1/src/test/scala/MySuite.scala. Using presentation compiler with project's scala-library version: 3.3.3
2024.09.02 19:09:00 INFO  no build target found for /home/santiago/IdeaProjects/dis2/2024-2-ti1-subnetting/tareaintegradora1/src/test/scala/MySuite.scala. Using presentation compiler with project's scala-library version: 3.3.3
Sep 02, 2024 7:09:00 PM org.eclipse.lsp4j.jsonrpc.RemoteEndpoint handleCancellation
WARNING: Unmatched cancel notification for request id 9
2024.09.02 19:09:02 INFO  no build target found for /home/santiago/IdeaProjects/dis2/2024-2-ti1-subnetting/tareaintegradora1/src/test/scala/countingsort.scala. Using presentation compiler with project's scala-library version: 3.3.3
2024.09.02 19:09:02 WARN  Could not find semantic tokens for: file:///home/santiago/IdeaProjects/dis2/2024-2-ti1-subnetting/tareaintegradora1/src/test/scala/countingsort.scala
2024.09.02 19:09:19 INFO  no build target found for /home/santiago/IdeaProjects/dis2/2024-2-ti1-subnetting/tareaintegradora1/src/main/scala/countingsort.scala. Using presentation compiler with project's scala-library version: 3.3.3
2024.09.02 19:09:19 WARN  no build target for: /home/santiago/IdeaProjects/dis2/2024-2-ti1-subnetting/tareaintegradora1/src/main/scala/countingsort.scala
2024.09.02 19:09:19 INFO  no build target found for /home/santiago/IdeaProjects/dis2/2024-2-ti1-subnetting/tareaintegradora1/src/main/scala/countingsort.scala. Using presentation compiler with project's scala-library version: 3.3.3
2024.09.02 19:09:19 INFO  no build target found for /home/santiago/IdeaProjects/dis2/2024-2-ti1-subnetting/tareaintegradora1/src/test/scala/countingsort.scala. Using presentation compiler with project's scala-library version: 3.3.3
2024.09.02 19:09:19 WARN  Could not find semantic tokens for: file:///home/santiago/IdeaProjects/dis2/2024-2-ti1-subnetting/tareaintegradora1/src/test/scala/countingsort.scala
2024.09.02 19:09:21 INFO  no build target found for /home/santiago/IdeaProjects/dis2/2024-2-ti1-subnetting/tareaintegradora1/src/test/scala/countingsort.scala. Using presentation compiler with project's scala-library version: 3.3.3
2024.09.02 19:09:21 WARN  Could not find semantic tokens for: file:///home/santiago/IdeaProjects/dis2/2024-2-ti1-subnetting/tareaintegradora1/src/test/scala/countingsort.scala
2024.09.02 19:09:46 INFO  no build target found for /home/santiago/IdeaProjects/dis2/2024-2-ti1-subnetting/tareaintegradora1/src/test/scala/countingsort.scala. Using presentation compiler with project's scala-library version: 3.3.3
2024.09.02 19:09:46 INFO  no build target found for /home/santiago/IdeaProjects/dis2/2024-2-ti1-subnetting/tareaintegradora1/src/test/scala/countingsortTest.scala. Using presentation compiler with project's scala-library version: 3.3.3
2024.09.02 19:09:46 WARN  Could not find semantic tokens for: file:///home/santiago/IdeaProjects/dis2/2024-2-ti1-subnetting/tareaintegradora1/src/test/scala/countingsortTest.scala
2024.09.02 19:10:01 INFO  no build target found for /home/santiago/IdeaProjects/dis2/2024-2-ti1-subnetting/tareaintegradora1/src/main/scala/heapsort.scala. Using presentation compiler with project's scala-library version: 3.3.3
2024.09.02 19:10:01 WARN  no build target for: /home/santiago/IdeaProjects/dis2/2024-2-ti1-subnetting/tareaintegradora1/src/main/scala/heapsort.scala
2024.09.02 19:10:01 INFO  no build target found for /home/santiago/IdeaProjects/dis2/2024-2-ti1-subnetting/tareaintegradora1/src/main/scala/heapsort.scala. Using presentation compiler with project's scala-library version: 3.3.3
2024.09.02 19:10:01 INFO  no build target found for /home/santiago/IdeaProjects/dis2/2024-2-ti1-subnetting/tareaintegradora1/src/test/scala/countingsortTest.scala. Using presentation compiler with project's scala-library version: 3.3.3
2024.09.02 19:10:01 WARN  Could not find semantic tokens for: file:///home/santiago/IdeaProjects/dis2/2024-2-ti1-subnetting/tareaintegradora1/src/test/scala/countingsortTest.scala
2024.09.02 19:10:03 INFO  no build target found for /home/santiago/IdeaProjects/dis2/2024-2-ti1-subnetting/tareaintegradora1/src/main/scala/heapsort.scala. Using presentation compiler with project's scala-library version: 3.3.3
2024.09.02 19:10:03 WARN  Could not find semantic tokens for: file:///home/santiago/IdeaProjects/dis2/2024-2-ti1-subnetting/tareaintegradora1/src/main/scala/heapsort.scala
2024.09.02 19:11:55 INFO  no build target found for /home/santiago/IdeaProjects/dis2/2024-2-ti1-subnetting/tareaintegradora1/src/main/scala/radixsort.scala. Using presentation compiler with project's scala-library version: 3.3.3
2024.09.02 19:11:55 WARN  no build target for: /home/santiago/IdeaProjects/dis2/2024-2-ti1-subnetting/tareaintegradora1/src/main/scala/radixsort.scala
2024.09.02 19:11:55 INFO  no build target found for /home/santiago/IdeaProjects/dis2/2024-2-ti1-subnetting/tareaintegradora1/src/main/scala/radixsort.scala. Using presentation compiler with project's scala-library version: 3.3.3
2024.09.02 19:11:55 INFO  no build target found for /home/santiago/IdeaProjects/dis2/2024-2-ti1-subnetting/tareaintegradora1/src/main/scala/heapsort.scala. Using presentation compiler with project's scala-library version: 3.3.3
2024.09.02 19:11:55 WARN  Could not find semantic tokens for: file:///home/santiago/IdeaProjects/dis2/2024-2-ti1-subnetting/tareaintegradora1/src/main/scala/heapsort.scala
2024.09.02 19:11:57 INFO  no build target found for /home/santiago/IdeaProjects/dis2/2024-2-ti1-subnetting/tareaintegradora1/src/main/scala/radixsort.scala. Using presentation compiler with project's scala-library version: 3.3.3
2024.09.02 19:11:57 WARN  Could not find semantic tokens for: file:///home/santiago/IdeaProjects/dis2/2024-2-ti1-subnetting/tareaintegradora1/src/main/scala/radixsort.scala
2024.09.02 19:12:05 INFO  no build target found for /home/santiago/IdeaProjects/dis2/2024-2-ti1-subnetting/tareaintegradora1/src/test/scala/countingsortTest.scala. Using presentation compiler with project's scala-library version: 3.3.3
2024.09.02 19:12:09 INFO  no build target found for /home/santiago/IdeaProjects/dis2/2024-2-ti1-subnetting/tareaintegradora1/src/main/scala/countingsort.scala. Using presentation compiler with project's scala-library version: 3.3.3
2024.09.02 19:12:09 WARN  Could not find semantic tokens for: file:///home/santiago/IdeaProjects/dis2/2024-2-ti1-subnetting/tareaintegradora1/src/main/scala/countingsort.scala
2024.09.02 19:12:12 INFO  no build target found for /home/santiago/IdeaProjects/dis2/2024-2-ti1-subnetting/tareaintegradora1/src/main/scala/heapsort.scala. Using presentation compiler with project's scala-library version: 3.3.3
2024.09.02 19:12:12 WARN  Could not find semantic tokens for: file:///home/santiago/IdeaProjects/dis2/2024-2-ti1-subnetting/tareaintegradora1/src/main/scala/heapsort.scala
2024.09.02 19:12:19 INFO  no build target found for /home/santiago/IdeaProjects/dis2/2024-2-ti1-subnetting/tareaintegradora1/src/main/scala/countingsort.scala. Using presentation compiler with project's scala-library version: 3.3.3
2024.09.02 19:12:31 INFO  no build target found for /home/santiago/IdeaProjects/dis2/2024-2-ti1-subnetting/tareaintegradora1/src/test/scala/heapsortTest.scala. Using presentation compiler with project's scala-library version: 3.3.3
2024.09.02 19:12:31 WARN  no build target for: /home/santiago/IdeaProjects/dis2/2024-2-ti1-subnetting/tareaintegradora1/src/test/scala/heapsortTest.scala
2024.09.02 19:12:31 INFO  no build target found for /home/santiago/IdeaProjects/dis2/2024-2-ti1-subnetting/tareaintegradora1/src/test/scala/heapsortTest.scala. Using presentation compiler with project's scala-library version: 3.3.3
2024.09.02 19:12:31 INFO  no build target found for /home/santiago/IdeaProjects/dis2/2024-2-ti1-subnetting/tareaintegradora1/src/main/scala/heapsort.scala. Using presentation compiler with project's scala-library version: 3.3.3
2024.09.02 19:12:31 WARN  Could not find semantic tokens for: file:///home/santiago/IdeaProjects/dis2/2024-2-ti1-subnetting/tareaintegradora1/src/main/scala/heapsort.scala
2024.09.02 19:12:33 INFO  no build target found for /home/santiago/IdeaProjects/dis2/2024-2-ti1-subnetting/tareaintegradora1/src/test/scala/heapsortTest.scala. Using presentation compiler with project's scala-library version: 3.3.3
2024.09.02 19:12:33 WARN  Could not find semantic tokens for: file:///home/santiago/IdeaProjects/dis2/2024-2-ti1-subnetting/tareaintegradora1/src/test/scala/heapsortTest.scala
2024.09.02 19:12:54 INFO  no build target found for /home/santiago/IdeaProjects/dis2/2024-2-ti1-subnetting/tareaintegradora1/src/test/scala/radixsortTest.scala. Using presentation compiler with project's scala-library version: 3.3.3
2024.09.02 19:12:54 WARN  no build target for: /home/santiago/IdeaProjects/dis2/2024-2-ti1-subnetting/tareaintegradora1/src/test/scala/radixsortTest.scala
2024.09.02 19:12:54 INFO  no build target found for /home/santiago/IdeaProjects/dis2/2024-2-ti1-subnetting/tareaintegradora1/src/test/scala/radixsortTest.scala. Using presentation compiler with project's scala-library version: 3.3.3
2024.09.02 19:12:54 INFO  no build target found for /home/santiago/IdeaProjects/dis2/2024-2-ti1-subnetting/tareaintegradora1/src/test/scala/heapsortTest.scala. Using presentation compiler with project's scala-library version: 3.3.3
2024.09.02 19:12:54 WARN  Could not find semantic tokens for: file:///home/santiago/IdeaProjects/dis2/2024-2-ti1-subnetting/tareaintegradora1/src/test/scala/heapsortTest.scala
2024.09.02 19:12:55 INFO  no build target found for /home/santiago/IdeaProjects/dis2/2024-2-ti1-subnetting/tareaintegradora1/src/test/scala/radixsortTest.scala. Using presentation compiler with project's scala-library version: 3.3.3
2024.09.02 19:12:55 WARN  Could not find semantic tokens for: file:///home/santiago/IdeaProjects/dis2/2024-2-ti1-subnetting/tareaintegradora1/src/test/scala/radixsortTest.scala
2024.09.02 19:12:59 INFO  no build target found for /home/santiago/IdeaProjects/dis2/2024-2-ti1-subnetting/tareaintegradora1/src/main/scala/countingsort.scala. Using presentation compiler with project's scala-library version: 3.3.3
2024.09.02 19:12:59 WARN  Could not find semantic tokens for: file:///home/santiago/IdeaProjects/dis2/2024-2-ti1-subnetting/tareaintegradora1/src/main/scala/countingsort.scala
2024.09.02 19:13:01 INFO  no build target found for /home/santiago/IdeaProjects/dis2/2024-2-ti1-subnetting/tareaintegradora1/src/main/scala/heapsort.scala. Using presentation compiler with project's scala-library version: 3.3.3
2024.09.02 19:13:26 INFO  no build target found for /home/santiago/IdeaProjects/dis2/2024-2-ti1-subnetting/tareaintegradora1/src/main/scala/countingsort.scala. Using presentation compiler with project's scala-library version: 3.3.3
2024.09.02 19:13:26 INFO  no build target found for /home/santiago/IdeaProjects/dis2/2024-2-ti1-subnetting/tareaintegradora1/src/test/scala/countingsortTest.scala. Using presentation compiler with project's scala-library version: 3.3.3
2024.09.02 19:13:26 WARN  Could not find semantic tokens for: file:///home/santiago/IdeaProjects/dis2/2024-2-ti1-subnetting/tareaintegradora1/src/test/scala/countingsortTest.scala
2024.09.02 19:13:49 INFO  no build target found for /home/santiago/IdeaProjects/dis2/2024-2-ti1-subnetting/tareaintegradora1/src/test/scala/countingsortTest.scala. Using presentation compiler with project's scala-library version: 3.3.3
2024.09.02 19:13:50 INFO  no build target found for /home/santiago/IdeaProjects/dis2/2024-2-ti1-subnetting/tareaintegradora1/src/test/scala/countingsortTest.scala. Using presentation compiler with project's scala-library version: 3.3.3
2024.09.02 19:13:51 INFO  no build target found for /home/santiago/IdeaProjects/dis2/2024-2-ti1-subnetting/tareaintegradora1/src/test/scala/countingsortTest.scala. Using presentation compiler with project's scala-library version: 3.3.3
2024.09.02 19:13:51 INFO  no build target found for /home/santiago/IdeaProjects/dis2/2024-2-ti1-subnetting/tareaintegradora1/src/test/scala/countingsortTest.scala. Using presentation compiler with project's scala-library version: 3.3.3
2024.09.02 19:13:51 INFO  no build target found for /home/santiago/IdeaProjects/dis2/2024-2-ti1-subnetting/tareaintegradora1/src/test/scala/countingsortTest.scala. Using presentation compiler with project's scala-library version: 3.3.3
Sep 02, 2024 7:13:51 PM org.eclipse.lsp4j.jsonrpc.RemoteEndpoint handleCancellation
WARNING: Unmatched cancel notification for request id 129
2024.09.02 19:13:51 WARN  no build target for: /home/santiago/IdeaProjects/dis2/2024-2-ti1-subnetting/tareaintegradora1/src/test/scala/countingsortTest.scala
2024.09.02 19:13:51 INFO  no build target found for /home/santiago/IdeaProjects/dis2/2024-2-ti1-subnetting/tareaintegradora1/src/test/scala/countingsortTest.scala. Using presentation compiler with project's scala-library version: 3.3.3
2024.09.02 19:13:53 INFO  no build target found for /home/santiago/IdeaProjects/dis2/2024-2-ti1-subnetting/tareaintegradora1/src/test/scala/heapsortTest.scala. Using presentation compiler with project's scala-library version: 3.3.3
2024.09.02 19:13:53 WARN  Could not find semantic tokens for: file:///home/santiago/IdeaProjects/dis2/2024-2-ti1-subnetting/tareaintegradora1/src/test/scala/heapsortTest.scala
2024.09.02 19:13:56 INFO  no build target found for /home/santiago/IdeaProjects/dis2/2024-2-ti1-subnetting/tareaintegradora1/src/test/scala/heapsortTest.scala. Using presentation compiler with project's scala-library version: 3.3.3
2024.09.02 19:13:57 INFO  no build target found for /home/santiago/IdeaProjects/dis2/2024-2-ti1-subnetting/tareaintegradora1/src/test/scala/heapsortTest.scala. Using presentation compiler with project's scala-library version: 3.3.3
2024.09.02 19:13:56 INFO  no build target found for /home/santiago/IdeaProjects/dis2/2024-2-ti1-subnetting/tareaintegradora1/src/test/scala/heapsortTest.scala. Using presentation compiler with project's scala-library version: 3.3.3
2024.09.02 19:13:58 INFO  no build target found for /home/santiago/IdeaProjects/dis2/2024-2-ti1-subnetting/tareaintegradora1/src/test/scala/heapsortTest.scala. Using presentation compiler with project's scala-library version: 3.3.3
2024.09.02 19:13:58 INFO  no build target found for /home/santiago/IdeaProjects/dis2/2024-2-ti1-subnetting/tareaintegradora1/src/test/scala/heapsortTest.scala. Using presentation compiler with project's scala-library version: 3.3.3
2024.09.02 19:13:59 WARN  no build target for: /home/santiago/IdeaProjects/dis2/2024-2-ti1-subnetting/tareaintegradora1/src/test/scala/heapsortTest.scala
2024.09.02 19:13:59 INFO  no build target found for /home/santiago/IdeaProjects/dis2/2024-2-ti1-subnetting/tareaintegradora1/src/test/scala/heapsortTest.scala. Using presentation compiler with project's scala-library version: 3.3.3
2024.09.02 19:14:03 INFO  no build target found for /home/santiago/IdeaProjects/dis2/2024-2-ti1-subnetting/tareaintegradora1/src/test/scala/radixsortTest.scala. Using presentation compiler with project's scala-library version: 3.3.3
2024.09.02 19:14:03 WARN  Could not find semantic tokens for: file:///home/santiago/IdeaProjects/dis2/2024-2-ti1-subnetting/tareaintegradora1/src/test/scala/radixsortTest.scala
2024.09.02 19:14:05 INFO  no build target found for /home/santiago/IdeaProjects/dis2/2024-2-ti1-subnetting/tareaintegradora1/src/test/scala/radixsortTest.scala. Using presentation compiler with project's scala-library version: 3.3.3
2024.09.02 19:14:05 INFO  no build target found for /home/santiago/IdeaProjects/dis2/2024-2-ti1-subnetting/tareaintegradora1/src/test/scala/radixsortTest.scala. Using presentation compiler with project's scala-library version: 3.3.3
2024.09.02 19:14:05 WARN  Could not find semantic tokens for: file:///home/santiago/IdeaProjects/dis2/2024-2-ti1-subnetting/tareaintegradora1/src/test/scala/radixsortTest.scala
2024.09.02 19:14:05 INFO  no build target found for /home/santiago/IdeaProjects/dis2/2024-2-ti1-subnetting/tareaintegradora1/src/test/scala/radixsortTest.scala. Using presentation compiler with project's scala-library version: 3.3.3
2024.09.02 19:14:06 INFO  no build target found for /home/santiago/IdeaProjects/dis2/2024-2-ti1-subnetting/tareaintegradora1/src/test/scala/radixsortTest.scala. Using presentation compiler with project's scala-library version: 3.3.3
2024.09.02 19:14:09 INFO  no build target found for /home/santiago/IdeaProjects/dis2/2024-2-ti1-subnetting/tareaintegradora1/src/test/scala/radixsortTest.scala. Using presentation compiler with project's scala-library version: 3.3.3
2024.09.02 19:14:09 INFO  no build target found for /home/santiago/IdeaProjects/dis2/2024-2-ti1-subnetting/tareaintegradora1/src/test/scala/radixsortTest.scala. Using presentation compiler with project's scala-library version: 3.3.3
2024.09.02 19:14:09 INFO  no build target found for /home/santiago/IdeaProjects/dis2/2024-2-ti1-subnetting/tareaintegradora1/src/test/scala/radixsortTest.scala. Using presentation compiler with project's scala-library version: 3.3.3
2024.09.02 19:14:09 INFO  no build target found for /home/santiago/IdeaProjects/dis2/2024-2-ti1-subnetting/tareaintegradora1/src/test/scala/radixsortTest.scala. Using presentation compiler with project's scala-library version: 3.3.3
2024.09.02 19:14:10 WARN  no build target for: /home/santiago/IdeaProjects/dis2/2024-2-ti1-subnetting/tareaintegradora1/src/test/scala/radixsortTest.scala
2024.09.02 19:14:10 INFO  no build target found for /home/santiago/IdeaProjects/dis2/2024-2-ti1-subnetting/tareaintegradora1/src/test/scala/radixsortTest.scala. Using presentation compiler with project's scala-library version: 3.3.3
Sep 02, 2024 7:14:16 PM org.eclipse.lsp4j.jsonrpc.services.GenericEndpoint notify
INFO: Unsupported notification method: $/setTrace
2024.09.02 19:14:20 INFO  no build target found for /home/santiago/IdeaProjects/dis2/2024-2-ti1-subnetting/tareaintegradora1/src/test/scala/radixsortTest.scala. Using presentation compiler with project's scala-library version: 3.3.3
2024.09.02 19:14:20 INFO  no build target found for /home/santiago/IdeaProjects/dis2/2024-2-ti1-subnetting/tareaintegradora1/src/test/scala/radixsortTest.scala. Using presentation compiler with project's scala-library version: 3.3.3
2024.09.02 19:14:20 INFO  no build target found for /home/santiago/IdeaProjects/dis2/2024-2-ti1-subnetting/tareaintegradora1/src/main/scala/radixsort.scala. Using presentation compiler with project's scala-library version: 3.3.3
2024.09.02 19:14:20 WARN  Could not find semantic tokens for: file:///home/santiago/IdeaProjects/dis2/2024-2-ti1-subnetting/tareaintegradora1/src/main/scala/radixsort.scala
